#
# A fatal error has been detected by the Java Runtime Environment:
#
#  EXCEPTION_ACCESS_VIOLATION (0xc0000005) at pc=0x000000006ea1d7dc, pid=26492, tid=28572
#
# JRE version: Java(TM) SE Runtime Environment (10.0.1+10) (build 10.0.1+10)
# Java VM: Java HotSpot(TM) 64-Bit Server VM (10.0.1+10, mixed mode, tiered, compressed oops, g1 gc, windows-amd64)
# Problematic frame:
# V  [jvm.dll+0x31d7dc]
#
# No core dump will be written. Minidumps are not enabled by default on client versions of Windows
#
# If you would like to submit a bug report, please visit:
#   http://bugreport.java.com/bugreport/crash.jsp
#

---------------  S U M M A R Y ------------

Command Line: -agentlib:jdwp=transport=dt_socket,address=127.0.0.1:54531,suspend=y,server=n -javaagent:C:\Users\bethe\.IntelliJIdea2018.1\system\captureAgent\debugger-agent.jar=file:/C:/Users/bethe/AppData/Local/Temp/capture.props -Dfile.encoding=UTF-8 graph.dijkstra.BOJ_1261

Host: Intel(R) Core(TM) i5-7300U CPU @ 2.60GHz, 4 cores, 3G,  Windows 10 , 64 bit Build 17134 (10.0.17134.1)
Time: Thu Jan 03 21:25:42 2019 Korea Standard Time elapsed time: 285 seconds (0d 0h 4m 45s)

---------------  T H R E A D  ---------------

Current thread (0x000002231eea4000):  VMThread "VM Thread" [stack: 0x0000008ba5e00000,0x0000008ba5f00000] [id=28572]

Stack: [0x0000008ba5e00000,0x0000008ba5f00000],  sp=0x0000008ba5efedf0,  free space=1019k
Native frames: (J=compiled Java code, j=interpreted, Vv=VM code, C=native code)
V  [jvm.dll+0x31d7dc]
V  [jvm.dll+0x31fb40]
V  [jvm.dll+0x3201ce]
V  [jvm.dll+0x31d9a5]
V  [jvm.dll+0x31cd63]
V  [jvm.dll+0x590c0f]
V  [jvm.dll+0x590ff6]
V  [jvm.dll+0x590db6]
V  [jvm.dll+0x55c228]
V  [jvm.dll+0x473b9a]
V  [jvm.dll+0x6c485c]
V  [jvm.dll+0x6c2fc5]
V  [jvm.dll+0x6c37d0]
V  [jvm.dll+0x6c3b0c]
V  [jvm.dll+0x59f680]
C  [msvcr120.dll+0x24f7f]
C  [msvcr120.dll+0x25126]
C  [KERNEL32.DLL+0x13034]
C  [ntdll.dll+0x73691]


siginfo: EXCEPTION_ACCESS_VIOLATION (0xc0000005), reading address 0x0000000000000006


Register to memory mapping:

RIP=0x000000006ea1d7dc jvm.dll
RAX=0x0000000000000000 is an unknown value
RBX=0x000002231e9f21c0 is pointing into metadata
RCX=0x0000000000000000 is an unknown value
RDX=0x0000000000000000 is an unknown value
RSP=0x0000008ba5efedf0 is an unknown value
RBP=0x0000000000000001 is an unknown value
RSI=0x000000006f09ac28 jvm.dll
RDI=0x0000008ba5eff090 is an unknown value
R8 =0x0000000000000000 is an unknown value
R9 =0x000002231e9f21c0 is pointing into metadata
R10=0x000002231e9f21c0 is pointing into metadata
R11=0x000000010006baa0 is pointing into metadata
R12=0x000000006ee7d601 jvm.dll
R13=0x0000000000000000 is an unknown value
R14=0x0000000000000001 is an unknown value
R15=0x00000000000004b0 is an unknown value


Registers:
RAX=0x0000000000000000, RBX=0x000002231e9f21c0, RCX=0x0000000000000000, RDX=0x0000000000000000
RSP=0x0000008ba5efedf0, RBP=0x0000000000000001, RSI=0x000000006f09ac28, RDI=0x0000008ba5eff090
R8 =0x0000000000000000, R9 =0x000002231e9f21c0, R10=0x000002231e9f21c0, R11=0x000000010006baa0
R12=0x000000006ee7d601, R13=0x0000000000000000, R14=0x0000000000000001, R15=0x00000000000004b0
RIP=0x000000006ea1d7dc, EFLAGS=0x0000000000010206

Top of Stack: (sp=0x0000008ba5efedf0)
0x0000008ba5efedf0:   0000008ba5effffe 000000006e814e7e
0x0000008ba5efee00:   0000000000000001 000000006e7bb97a
0x0000008ba5efee10:   0000008ba5eff090 000000006ea20d95
0x0000008ba5efee20:   0000008ba5efeee0 000000006ea1e513
0x0000008ba5efee30:   00003a86a0764206 00003a86a07641f6
0x0000008ba5efee40:   000000000000001e 0000008ba5efeee0
0x0000008ba5efee50:   0000008ba5eff090 000000006ea1fb40
0x0000008ba5efee60:   0000008ba5eff090 00000000000001f8
0x0000008ba5efee70:   0000000000000001 000000006ea20ed4
0x0000008ba5efee80:   00000000000001f8 000000000000001d
0x0000008ba5efee90:   00000000000004b0 0000000000000214
0x0000008ba5efeea0:   000002231f1736a0 000000006ea201ce
0x0000008ba5efeeb0:   0000008ba5eff090 0000008ba5efef10
0x0000008ba5efeec0:   000000000000001e 000002231f1736a0
0x0000008ba5efeed0:   0000000000006001 000000006ea22071
0x0000008ba5efeee0:   000002231e9f2ca0 000002231eea4000 

Instructions: (pc=0x000000006ea1d7dc)
0x000000006ea1d7bc:   8b cb e8 8d 11 f1 ff 48 8b cb 8b d0 e8 f3 38 f1
0x000000006ea1d7cc:   ff 48 8d 35 54 d4 67 00 48 63 c8 48 8b 44 cb 40
0x000000006ea1d7dc:   0f b6 48 06 8b 05 3e d4 67 00 80 f9 4c 74 2b 80
0x000000006ea1d7ec:   f9 5b 74 26 80 f9 4a 74 18 80 f9 44 74 13 48 8d 


VM_Operation (0x0000008ba67ff560): GetOrSetLocal, mode: safepoint, requested by thread 0x000002231f47b800


---------------  P R O C E S S  ---------------

Threads class SMR info:
_java_thread_list=0x000002231f3cc590, length=14, elements={
0x000002237f850800, 0x000002231eeb9800, 0x000002231eebb800, 0x000002231ef13800,
0x000002231ef19000, 0x000002231ef22000, 0x000002231ef25800, 0x000002231ef39800,
0x000002231f058800, 0x000002231f47b800, 0x000002231f45e800, 0x000002231f611800,
0x000002231f441800, 0x000002231f30c800
}

Java Threads: ( => current thread )
  0x000002237f850800 JavaThread "main" [_thread_blocked, id=7224, stack(0x0000008ba5200000,0x0000008ba5300000)]
  0x000002231eeb9800 JavaThread "Reference Handler" daemon [_thread_blocked, id=30492, stack(0x0000008ba5f00000,0x0000008ba6000000)]
  0x000002231eebb800 JavaThread "Finalizer" daemon [_thread_blocked, id=36876, stack(0x0000008ba6000000,0x0000008ba6100000)]
  0x000002231ef13800 JavaThread "Signal Dispatcher" daemon [_thread_blocked, id=3916, stack(0x0000008ba6100000,0x0000008ba6200000)]
  0x000002231ef19000 JavaThread "Attach Listener" daemon [_thread_blocked, id=9488, stack(0x0000008ba6200000,0x0000008ba6300000)]
  0x000002231ef22000 JavaThread "C2 CompilerThread0" daemon [_thread_blocked, id=28620, stack(0x0000008ba6300000,0x0000008ba6400000)]
  0x000002231ef25800 JavaThread "C2 CompilerThread1" daemon [_thread_blocked, id=4896, stack(0x0000008ba6400000,0x0000008ba6500000)]
  0x000002231ef39800 JavaThread "C1 CompilerThread2" daemon [_thread_blocked, id=34136, stack(0x0000008ba6500000,0x0000008ba6600000)]
  0x000002231f058800 JavaThread "Sweeper thread" daemon [_thread_blocked, id=1936, stack(0x0000008ba6600000,0x0000008ba6700000)]
  0x000002231f47b800 JavaThread "JDWP Transport Listener: dt_socket" daemon [_thread_blocked, id=38096, stack(0x0000008ba6700000,0x0000008ba6800000)] _threads_hazard_ptr=0x000002231f3cc590
  0x000002231f45e800 JavaThread "JDWP Event Helper Thread" daemon [_thread_blocked, id=25616, stack(0x0000008ba6800000,0x0000008ba6900000)]
  0x000002231f611800 JavaThread "JDWP Command Reader" daemon [_thread_in_native, id=26352, stack(0x0000008ba6900000,0x0000008ba6a00000)]
  0x000002231f441800 JavaThread "Common-Cleaner" daemon [_thread_blocked, id=23572, stack(0x0000008ba6a00000,0x0000008ba6b00000)]
  0x000002231f30c800 JavaThread "Service Thread" daemon [_thread_blocked, id=36020, stack(0x0000008ba6b00000,0x0000008ba6c00000)]

Other Threads:
=>0x000002231eea4000 VMThread "VM Thread" [stack: 0x0000008ba5e00000,0x0000008ba5f00000] [id=28572]
  0x000002231f46f800 WatcherThread [stack: 0x0000008ba6c00000,0x0000008ba6d00000] [id=30152]
  0x000002237f86c000 GCTaskThread "GC Thread#0" [stack: 0x0000008ba5300000,0x0000008ba5400000] [id=26308]
  0x000002237f86d000 GCTaskThread "GC Thread#1" [stack: 0x0000008ba5400000,0x0000008ba5500000] [id=33204]
  0x000002237f86f800 GCTaskThread "GC Thread#2" [stack: 0x0000008ba5500000,0x0000008ba5600000] [id=24096]
  0x000002237f870800 GCTaskThread "GC Thread#3" [stack: 0x0000008ba5600000,0x0000008ba5700000] [id=32700]
  0x000002237f8aa800 ConcurrentGCThread "G1 Main Marker" [stack: 0x0000008ba5700000,0x0000008ba5800000] [id=27652]
  0x000002237f8ac000 ConcurrentGCThread "G1 Conc#0" [stack: 0x0000008ba5800000,0x0000008ba5900000] [id=37456]
  0x000002237f8f3800 ConcurrentGCThread "G1 Refine#0" [stack: 0x0000008ba5900000,0x0000008ba5a00000] [id=25336]
  0x000002237f8f4800 ConcurrentGCThread "G1 Refine#1" [stack: 0x0000008ba5a00000,0x0000008ba5b00000] [id=35844]
  0x000002237f8f9800 ConcurrentGCThread "G1 Refine#2" [stack: 0x0000008ba5b00000,0x0000008ba5c00000] [id=22368]
  0x000002237f8fc800 ConcurrentGCThread "G1 Refine#3" [stack: 0x0000008ba5c00000,0x0000008ba5d00000] [id=16504]
  0x000002237f8fd800 ConcurrentGCThread "G1 Young RemSet Sampling" [stack: 0x0000008ba5d00000,0x0000008ba5e00000] [id=26236]

Threads with active compile tasks:

VM state:at safepoint (normal execution)

VM Mutex/Monitor currently owned by a thread:  ([mutex/lock_event])
[0x000002237f84f490] Threads_lock - owner thread: 0x000002231eea4000

Heap address: 0x00000000c1200000, size: 1006 MB, Compressed Oops mode: 32-bit
Narrow klass base: 0x0000000000000000, Narrow klass shift: 3
Compressed class space size: 1073741824 Address: 0x0000000100000000

Heap:
 garbage-first heap   total 65536K, used 2048K [0x00000000c1200000, 0x0000000100000000)
  region size 1024K, 3 young (3072K), 0 survivors (0K)
 Metaspace       used 5271K, capacity 5388K, committed 5632K, reserved 1056768K
  class space    used 444K, capacity 496K, committed 512K, reserved 1048576K
Heap Regions: E=young(eden), S=young(survivor), O=old, HS=humongous(starts), HC=humongous(continues), CS=collection set, F=free, A=archive, TS=gc time stamp, AC=allocation context, TAMS=top-at-mark-start (previous, next)
|   0|0x00000000c1200000, 0x00000000c1200000, 0x00000000c1300000|  0%| F|  |TS  0|AC  0|TAMS 0x00000000c1200000, 0x00000000c1200000|
|   1|0x00000000c1300000, 0x00000000c1300000, 0x00000000c1400000|  0%| F|  |TS  0|AC  0|TAMS 0x00000000c1300000, 0x00000000c1300000|
|   2|0x00000000c1400000, 0x00000000c1400000, 0x00000000c1500000|  0%| F|  |TS  0|AC  0|TAMS 0x00000000c1400000, 0x00000000c1400000|
|   3|0x00000000c1500000, 0x00000000c1500000, 0x00000000c1600000|  0%| F|  |TS  0|AC  0|TAMS 0x00000000c1500000, 0x00000000c1500000|
|   4|0x00000000c1600000, 0x00000000c1600000, 0x00000000c1700000|  0%| F|  |TS  0|AC  0|TAMS 0x00000000c1600000, 0x00000000c1600000|
|   5|0x00000000c1700000, 0x00000000c1700000, 0x00000000c1800000|  0%| F|  |TS  0|AC  0|TAMS 0x00000000c1700000, 0x00000000c1700000|
|   6|0x00000000c1800000, 0x00000000c1800000, 0x00000000c1900000|  0%| F|  |TS  0|AC  0|TAMS 0x00000000c1800000, 0x00000000c1800000|
|   7|0x00000000c1900000, 0x00000000c1900000, 0x00000000c1a00000|  0%| F|  |TS  0|AC  0|TAMS 0x00000000c1900000, 0x00000000c1900000|
|   8|0x00000000c1a00000, 0x00000000c1a00000, 0x00000000c1b00000|  0%| F|  |TS  0|AC  0|TAMS 0x00000000c1a00000, 0x00000000c1a00000|
|   9|0x00000000c1b00000, 0x00000000c1b00000, 0x00000000c1c00000|  0%| F|  |TS  0|AC  0|TAMS 0x00000000c1b00000, 0x00000000c1b00000|
|  10|0x00000000c1c00000, 0x00000000c1c00000, 0x00000000c1d00000|  0%| F|  |TS  0|AC  0|TAMS 0x00000000c1c00000, 0x00000000c1c00000|
|  11|0x00000000c1d00000, 0x00000000c1d00000, 0x00000000c1e00000|  0%| F|  |TS  0|AC  0|TAMS 0x00000000c1d00000, 0x00000000c1d00000|
|  12|0x00000000c1e00000, 0x00000000c1e00000, 0x00000000c1f00000|  0%| F|  |TS  0|AC  0|TAMS 0x00000000c1e00000, 0x00000000c1e00000|
|  13|0x00000000c1f00000, 0x00000000c1f00000, 0x00000000c2000000|  0%| F|  |TS  0|AC  0|TAMS 0x00000000c1f00000, 0x00000000c1f00000|
|  14|0x00000000c2000000, 0x00000000c2000000, 0x00000000c2100000|  0%| F|  |TS  0|AC  0|TAMS 0x00000000c2000000, 0x00000000c2000000|
|  15|0x00000000c2100000, 0x00000000c2100000, 0x00000000c2200000|  0%| F|  |TS  0|AC  0|TAMS 0x00000000c2100000, 0x00000000c2100000|
|  16|0x00000000c2200000, 0x00000000c2200000, 0x00000000c2300000|  0%| F|  |TS  0|AC  0|TAMS 0x00000000c2200000, 0x00000000c2200000|
|  17|0x00000000c2300000, 0x00000000c2300000, 0x00000000c2400000|  0%| F|  |TS  0|AC  0|TAMS 0x00000000c2300000, 0x00000000c2300000|
|  18|0x00000000c2400000, 0x00000000c2400000, 0x00000000c2500000|  0%| F|  |TS  0|AC  0|TAMS 0x00000000c2400000, 0x00000000c2400000|
|  19|0x00000000c2500000, 0x00000000c2500000, 0x00000000c2600000|  0%| F|  |TS  0|AC  0|TAMS 0x00000000c2500000, 0x00000000c2500000|
|  20|0x00000000c2600000, 0x00000000c2600000, 0x00000000c2700000|  0%| F|  |TS  0|AC  0|TAMS 0x00000000c2600000, 0x00000000c2600000|
|  21|0x00000000c2700000, 0x00000000c2700000, 0x00000000c2800000|  0%| F|  |TS  0|AC  0|TAMS 0x00000000c2700000, 0x00000000c2700000|
|  22|0x00000000c2800000, 0x00000000c2800000, 0x00000000c2900000|  0%| F|  |TS  0|AC  0|TAMS 0x00000000c2800000, 0x00000000c2800000|
|  23|0x00000000c2900000, 0x00000000c2900000, 0x00000000c2a00000|  0%| F|  |TS  0|AC  0|TAMS 0x00000000c2900000, 0x00000000c2900000|
|  24|0x00000000c2a00000, 0x00000000c2a00000, 0x00000000c2b00000|  0%| F|  |TS  0|AC  0|TAMS 0x00000000c2a00000, 0x00000000c2a00000|
|  25|0x00000000c2b00000, 0x00000000c2b00000, 0x00000000c2c00000|  0%| F|  |TS  0|AC  0|TAMS 0x00000000c2b00000, 0x00000000c2b00000|
|  26|0x00000000c2c00000, 0x00000000c2c00000, 0x00000000c2d00000|  0%| F|  |TS  0|AC  0|TAMS 0x00000000c2c00000, 0x00000000c2c00000|
|  27|0x00000000c2d00000, 0x00000000c2d00000, 0x00000000c2e00000|  0%| F|  |TS  0|AC  0|TAMS 0x00000000c2d00000, 0x00000000c2d00000|
|  28|0x00000000c2e00000, 0x00000000c2e00000, 0x00000000c2f00000|  0%| F|  |TS  0|AC  0|TAMS 0x00000000c2e00000, 0x00000000c2e00000|
|  29|0x00000000c2f00000, 0x00000000c2f00000, 0x00000000c3000000|  0%| F|  |TS  0|AC  0|TAMS 0x00000000c2f00000, 0x00000000c2f00000|
|  30|0x00000000c3000000, 0x00000000c3000000, 0x00000000c3100000|  0%| F|  |TS  0|AC  0|TAMS 0x00000000c3000000, 0x00000000c3000000|
|  31|0x00000000c3100000, 0x00000000c3100000, 0x00000000c3200000|  0%| F|  |TS  0|AC  0|TAMS 0x00000000c3100000, 0x00000000c3100000|
|  32|0x00000000c3200000, 0x00000000c3200000, 0x00000000c3300000|  0%| F|  |TS  0|AC  0|TAMS 0x00000000c3200000, 0x00000000c3200000|
|  33|0x00000000c3300000, 0x00000000c3300000, 0x00000000c3400000|  0%| F|  |TS  0|AC  0|TAMS 0x00000000c3300000, 0x00000000c3300000|
|  34|0x00000000c3400000, 0x00000000c3400000, 0x00000000c3500000|  0%| F|  |TS  0|AC  0|TAMS 0x00000000c3400000, 0x00000000c3400000|
|  35|0x00000000c3500000, 0x00000000c3500000, 0x00000000c3600000|  0%| F|  |TS  0|AC  0|TAMS 0x00000000c3500000, 0x00000000c3500000|
|  36|0x00000000c3600000, 0x00000000c3600000, 0x00000000c3700000|  0%| F|  |TS  0|AC  0|TAMS 0x00000000c3600000, 0x00000000c3600000|
|  37|0x00000000c3700000, 0x00000000c3700000, 0x00000000c3800000|  0%| F|  |TS  0|AC  0|TAMS 0x00000000c3700000, 0x00000000c3700000|
|  38|0x00000000c3800000, 0x00000000c3800000, 0x00000000c3900000|  0%| F|  |TS  0|AC  0|TAMS 0x00000000c3800000, 0x00000000c3800000|
|  39|0x00000000c3900000, 0x00000000c3900000, 0x00000000c3a00000|  0%| F|  |TS  0|AC  0|TAMS 0x00000000c3900000, 0x00000000c3900000|
|  40|0x00000000c3a00000, 0x00000000c3a00000, 0x00000000c3b00000|  0%| F|  |TS  0|AC  0|TAMS 0x00000000c3a00000, 0x00000000c3a00000|
|  41|0x00000000c3b00000, 0x00000000c3b00000, 0x00000000c3c00000|  0%| F|  |TS  0|AC  0|TAMS 0x00000000c3b00000, 0x00000000c3b00000|
|  42|0x00000000c3c00000, 0x00000000c3c00000, 0x00000000c3d00000|  0%| F|  |TS  0|AC  0|TAMS 0x00000000c3c00000, 0x00000000c3c00000|
|  43|0x00000000c3d00000, 0x00000000c3d00000, 0x00000000c3e00000|  0%| F|  |TS  0|AC  0|TAMS 0x00000000c3d00000, 0x00000000c3d00000|
|  44|0x00000000c3e00000, 0x00000000c3e00000, 0x00000000c3f00000|  0%| F|  |TS  0|AC  0|TAMS 0x00000000c3e00000, 0x00000000c3e00000|
|  45|0x00000000c3f00000, 0x00000000c3f00000, 0x00000000c4000000|  0%| F|  |TS  0|AC  0|TAMS 0x00000000c3f00000, 0x00000000c3f00000|
|  46|0x00000000c4000000, 0x00000000c4000000, 0x00000000c4100000|  0%| F|  |TS  0|AC  0|TAMS 0x00000000c4000000, 0x00000000c4000000|
|  47|0x00000000c4100000, 0x00000000c4100000, 0x00000000c4200000|  0%| F|  |TS  0|AC  0|TAMS 0x00000000c4100000, 0x00000000c4100000|
|  48|0x00000000c4200000, 0x00000000c4200000, 0x00000000c4300000|  0%| F|  |TS  0|AC  0|TAMS 0x00000000c4200000, 0x00000000c4200000|
|  49|0x00000000c4300000, 0x00000000c4300000, 0x00000000c4400000|  0%| F|  |TS  0|AC  0|TAMS 0x00000000c4300000, 0x00000000c4300000|
|  50|0x00000000c4400000, 0x00000000c4400000, 0x00000000c4500000|  0%| F|  |TS  0|AC  0|TAMS 0x00000000c4400000, 0x00000000c4400000|
|  51|0x00000000c4500000, 0x00000000c4500000, 0x00000000c4600000|  0%| F|  |TS  0|AC  0|TAMS 0x00000000c4500000, 0x00000000c4500000|
|  52|0x00000000c4600000, 0x00000000c4600000, 0x00000000c4700000|  0%| F|  |TS  0|AC  0|TAMS 0x00000000c4600000, 0x00000000c4600000|
|  53|0x00000000c4700000, 0x00000000c4700000, 0x00000000c4800000|  0%| F|  |TS  0|AC  0|TAMS 0x00000000c4700000, 0x00000000c4700000|
|  54|0x00000000c4800000, 0x00000000c4800000, 0x00000000c4900000|  0%| F|  |TS  0|AC  0|TAMS 0x00000000c4800000, 0x00000000c4800000|
|  55|0x00000000c4900000, 0x00000000c4900000, 0x00000000c4a00000|  0%| F|  |TS  0|AC  0|TAMS 0x00000000c4900000, 0x00000000c4900000|
|  56|0x00000000c4a00000, 0x00000000c4a00000, 0x00000000c4b00000|  0%| F|  |TS  0|AC  0|TAMS 0x00000000c4a00000, 0x00000000c4a00000|
|  57|0x00000000c4b00000, 0x00000000c4b00000, 0x00000000c4c00000|  0%| F|  |TS  0|AC  0|TAMS 0x00000000c4b00000, 0x00000000c4b00000|
|  58|0x00000000c4c00000, 0x00000000c4c00000, 0x00000000c4d00000|  0%| F|  |TS  0|AC  0|TAMS 0x00000000c4c00000, 0x00000000c4c00000|
|  59|0x00000000c4d00000, 0x00000000c4d00000, 0x00000000c4e00000|  0%| F|  |TS  0|AC  0|TAMS 0x00000000c4d00000, 0x00000000c4d00000|
|  60|0x00000000c4e00000, 0x00000000c4e00000, 0x00000000c4f00000|  0%| F|  |TS  0|AC  0|TAMS 0x00000000c4e00000, 0x00000000c4e00000|
|  61|0x00000000c4f00000, 0x00000000c5000000, 0x00000000c5000000|100%| E|  |TS  0|AC  0|TAMS 0x00000000c4f00000, 0x00000000c4f00000|
|  62|0x00000000c5000000, 0x00000000c5100000, 0x00000000c5100000|100%| E|CS|TS  0|AC  0|TAMS 0x00000000c5000000, 0x00000000c5000000|
|  63|0x00000000c5100000, 0x00000000c5200000, 0x00000000c5200000|100%| E|CS|TS  0|AC  0|TAMS 0x00000000c5100000, 0x00000000c5100000|

Card table byte_map: [0x000002237fb30000,0x000002237fd30000] byte_map_base: 0x000002237f527000

Marking Bits (Prev, Next): (CMBitMap*) 0x000002237f8a9d60, (CMBitMap*) 0x000002237f8a9d98
 Prev Bits: [0x000002231a2b0000, 0x000002231b268000)
 Next Bits: [0x000002231b270000, 0x000002231c228000)

Polling page: 0x000002237d6c0000

CodeHeap 'non-profiled nmethods': size=120064Kb used=76Kb max_used=76Kb free=119988Kb
 bounds [0x0000022312d70000, 0x0000022312fe0000, 0x000002231a2b0000]
CodeHeap 'profiled nmethods': size=120000Kb used=298Kb max_used=298Kb free=119701Kb
 bounds [0x000002230b840000, 0x000002230bab0000, 0x0000022312d70000]
CodeHeap 'non-nmethods': size=5696Kb used=1104Kb max_used=1115Kb free=4591Kb
 bounds [0x000002230b2b0000, 0x000002230b520000, 0x000002230b840000]
 total_blobs=600 nmethods=226 adapters=211
 compilation: enabled

Compilation events (10 events):
Event: 0.451 Thread 0x000002231ef39800  221       3       java.lang.String::startsWith (138 bytes)
Event: 0.452 Thread 0x000002231ef39800 nmethod 221 0x000002230b888d10 code [0x000002230b888f60, 0x000002230b889938]
Event: 0.452 Thread 0x000002231ef39800  222       3       java.util.zip.ZipFile$Source::getEntryHash (7 bytes)
Event: 0.452 Thread 0x000002231ef39800 nmethod 222 0x000002230b889c10 code [0x000002230b889dc0, 0x000002230b889f38]
Event: 0.453 Thread 0x000002231ef39800  223       3       java.util.zip.ZipFile$Source::getEntryNext (9 bytes)
Event: 0.453 Thread 0x000002231ef39800 nmethod 223 0x000002230b88a010 code [0x000002230b88a1c0, 0x000002230b88a338]
Event: 0.453 Thread 0x000002231ef39800  224       1       java.util.zip.Inflater$InflaterZStreamRef::address (5 bytes)
Event: 0.453 Thread 0x000002231ef39800 nmethod 224 0x0000022312d82790 code [0x0000022312d82940, 0x0000022312d82a58]
Event: 1.605 Thread 0x000002231ef39800  226       3       java.lang.String::lastIndexOf (29 bytes)
Event: 1.605 Thread 0x000002231ef39800 nmethod 226 0x000002230b88a410 code [0x000002230b88a5e0, 0x000002230b88a8e0]

GC Heap History (0 events):
No events

Deoptimization events (1 events):
Event: 0.371 Thread 0x000002237f850800 Uncommon trap: reason=unstable_if action=reinterpret pc=0x0000022312d72d28 method=java.lang.String.hashCode()I @ 14 c2

Classes redefined (6 events):
Event: 110.032 Thread 0x000002231eea4000 redefined class name=graph.dijkstra.BOJ_1261, count=1
Event: 110.033 Thread 0x000002231eea4000 redefined class name=graph.dijkstra.BOJ_1261$Point, count=1
Event: 130.820 Thread 0x000002231eea4000 redefined class name=graph.dijkstra.BOJ_1261, count=2
Event: 130.821 Thread 0x000002231eea4000 redefined class name=graph.dijkstra.BOJ_1261$Point, count=2
Event: 285.708 Thread 0x000002231eea4000 redefined class name=graph.dijkstra.BOJ_1261, count=3
Event: 285.708 Thread 0x000002231eea4000 redefined class name=graph.dijkstra.BOJ_1261$Point, count=3

Internal exceptions (0 events):
No events

Events (10 events):
Event: 285.722 Executing VM operation: GetFrameCount done
Event: 285.722 Executing VM operation: GetFrameCount
Event: 285.722 Executing VM operation: GetFrameCount done
Event: 285.722 Executing VM operation: GetFrameLocation
Event: 285.722 Executing VM operation: GetFrameLocation done
Event: 285.766 Executing VM operation: ChangeBreakpoints
Event: 285.766 Executing VM operation: ChangeBreakpoints done
Event: 285.773 Executing VM operation: ChangeBreakpoints
Event: 285.773 Executing VM operation: ChangeBreakpoints done
Event: 285.871 Executing VM operation: GetOrSetLocal


Dynamic libraries:
0x00007ff7ae9a0000 - 0x00007ff7ae9de000 	C:\Program Files\Java\jdk-10.0.1\bin\java.exe
0x00007fff9faf0000 - 0x00007fff9fcd1000 	C:\WINDOWS\SYSTEM32\ntdll.dll
0x00007fff9d370000 - 0x00007fff9d422000 	C:\WINDOWS\System32\KERNEL32.DLL
0x00007fff9cba0000 - 0x00007fff9ce13000 	C:\WINDOWS\System32\KERNELBASE.dll
0x00007fff9eca0000 - 0x00007fff9ed41000 	C:\WINDOWS\System32\ADVAPI32.dll
0x00007fff9fa20000 - 0x00007fff9fabe000 	C:\WINDOWS\System32\msvcrt.dll
0x00007fff9cf80000 - 0x00007fff9cfdb000 	C:\WINDOWS\System32\sechost.dll
0x00007fff9ed50000 - 0x00007fff9ee74000 	C:\WINDOWS\System32\RPCRT4.dll
0x00007fff9d160000 - 0x00007fff9d2f0000 	C:\WINDOWS\System32\USER32.dll
0x00007fff9cad0000 - 0x00007fff9caf0000 	C:\WINDOWS\System32\win32u.dll
0x00007fff9cfe0000 - 0x00007fff9d008000 	C:\WINDOWS\System32\GDI32.dll
0x00007fff9c930000 - 0x00007fff9cac2000 	C:\WINDOWS\System32\gdi32full.dll
0x00007fff9c620000 - 0x00007fff9c6bf000 	C:\WINDOWS\System32\msvcp_win.dll
0x00007fff9ce20000 - 0x00007fff9cf1a000 	C:\WINDOWS\System32\ucrtbase.dll
0x00007fff88520000 - 0x00007fff88789000 	C:\WINDOWS\WinSxS\amd64_microsoft.windows.common-controls_6595b64144ccf1df_6.0.17134.472_none_fb3f9af53068156d\COMCTL32.dll
0x00007fff8e3f0000 - 0x00007fff8e3fa000 	C:\WINDOWS\SYSTEM32\VERSION.dll
0x00007fff9e970000 - 0x00007fff9ec92000 	C:\WINDOWS\System32\combase.dll
0x00007fff9c6c0000 - 0x00007fff9c73a000 	C:\WINDOWS\System32\bcryptPrimitives.dll
0x00007fff9f260000 - 0x00007fff9f28d000 	C:\WINDOWS\System32\IMM32.DLL
0x00007fff85460000 - 0x00007fff8554f000 	C:\Program Files\Java\jdk-10.0.1\bin\msvcr120.dll
0x00007fff853b0000 - 0x00007fff85456000 	C:\Program Files\Java\jdk-10.0.1\bin\msvcp120.dll
0x000000006e700000 - 0x000000006f170000 	C:\Program Files\Java\jdk-10.0.1\bin\server\jvm.dll
0x00007fff9d520000 - 0x00007fff9d528000 	C:\WINDOWS\System32\PSAPI.DLL
0x00007fff89740000 - 0x00007fff89749000 	C:\WINDOWS\SYSTEM32\WSOCK32.dll
0x00007fff9f2f0000 - 0x00007fff9f35c000 	C:\WINDOWS\System32\WS2_32.dll
0x00007fff97730000 - 0x00007fff97753000 	C:\WINDOWS\SYSTEM32\WINMM.dll
0x00007fff97700000 - 0x00007fff9772a000 	C:\WINDOWS\SYSTEM32\WINMMBASE.dll
0x00007fff9bec0000 - 0x00007fff9bf09000 	C:\WINDOWS\System32\cfgmgr32.dll
0x00007fff98c50000 - 0x00007fff98c5f000 	C:\Program Files\Java\jdk-10.0.1\bin\verify.dll
0x00007fff8f510000 - 0x00007fff8f6d9000 	C:\WINDOWS\SYSTEM32\DBGHELP.DLL
0x00007fff82ab0000 - 0x00007fff82ad9000 	C:\WINDOWS\SYSTEM32\dbgcore.DLL
0x00007fff98c10000 - 0x00007fff98c37000 	C:\Program Files\Java\jdk-10.0.1\bin\java.dll
0x00007fff91400000 - 0x00007fff91436000 	C:\Program Files\Java\jdk-10.0.1\bin\jdwp.dll
0x00007fff92e70000 - 0x00007fff92e9a000 	C:\Program Files\Java\jdk-10.0.1\bin\instrument.dll
0x00007fff93010000 - 0x00007fff93026000 	C:\Program Files\Java\jdk-10.0.1\bin\zip.dll
0x00007fff97780000 - 0x00007fff9778a000 	C:\Program Files\Java\jdk-10.0.1\bin\jimage.dll
0x00007fff9d530000 - 0x00007fff9e970000 	C:\WINDOWS\System32\SHELL32.dll
0x00007fff9f1b0000 - 0x00007fff9f259000 	C:\WINDOWS\System32\shcore.dll
0x00007fff9bf10000 - 0x00007fff9c61d000 	C:\WINDOWS\System32\windows.storage.dll
0x00007fff9f9b0000 - 0x00007fff9fa01000 	C:\WINDOWS\System32\shlwapi.dll
0x00007fff9bea0000 - 0x00007fff9beb1000 	C:\WINDOWS\System32\kernel.appcore.dll
0x00007fff9be60000 - 0x00007fff9be7f000 	C:\WINDOWS\System32\profapi.dll
0x00007fff9be10000 - 0x00007fff9be5c000 	C:\WINDOWS\System32\powrprof.dll
0x00007fff9be00000 - 0x00007fff9be0a000 	C:\WINDOWS\System32\FLTLIB.DLL
0x00007fff97570000 - 0x00007fff9757a000 	C:\Program Files\Java\jdk-10.0.1\bin\dt_socket.dll
0x00007fff9b680000 - 0x00007fff9b6e6000 	C:\WINDOWS\system32\mswsock.dll
0x00007fff92ee0000 - 0x00007fff92efa000 	C:\Program Files\Java\jdk-10.0.1\bin\net.dll
0x00007fff978b0000 - 0x00007fff9798d000 	C:\WINDOWS\SYSTEM32\WINHTTP.dll
0x00007fff91800000 - 0x00007fff91811000 	C:\Program Files\Java\jdk-10.0.1\bin\nio.dll

dbghelp: loaded successfully - version: 4.0.5 - missing functions: none
symbol engine: initialized successfully - sym options: 0x614 - pdb path: .;C:\Program Files\Java\jdk-10.0.1\bin;C:\WINDOWS\SYSTEM32;C:\WINDOWS\WinSxS\amd64_microsoft.windows.common-controls_6595b64144ccf1df_6.0.17134.472_none_fb3f9af53068156d;C:\Program Files\Java\jdk-10.0.1\bin\server

VM Arguments:
jvm_args: -agentlib:jdwp=transport=dt_socket,address=127.0.0.1:54531,suspend=y,server=n -javaagent:C:\Users\bethe\.IntelliJIdea2018.1\system\captureAgent\debugger-agent.jar=file:/C:/Users/bethe/AppData/Local/Temp/capture.props -Dfile.encoding=UTF-8 
java_command: graph.dijkstra.BOJ_1261
java_class_path (initial): C:\Users\bethe\IdeaProjects\algorithm\out\production\algorithm;C:\Users\bethe\.m2\repository\org\junit\jupiter\junit-jupiter-api\5.0.0\junit-jupiter-api-5.0.0.jar;C:\Users\bethe\.m2\repository\org\apiguardian\apiguardian-api\1.0.0\apiguardian-api-1.0.0.jar;C:\Users\bethe\.m2\repository\org\opentest4j\opentest4j\1.0.0\opentest4j-1.0.0.jar;C:\Users\bethe\.m2\repository\org\junit\platform\junit-platform-commons\1.0.0\junit-platform-commons-1.0.0.jar;C:\Program Files\JetBrains\IntelliJ IDEA 2018.1.5\lib\idea_rt.jar
Launcher Type: SUN_STANDARD

Logging:
Log output configuration:
#0: stdout all=warning uptime,level,tags
#1: stderr all=off uptime,level,tags

Environment Variables:
PATH=C:\Program Files (x86)\Common Files\Oracle\Java\javapath;C:\WINDOWS\system32;C:\WINDOWS;C:\WINDOWS\System32\Wbem;C:\WINDOWS\System32\WindowsPowerShell\v1.0\;C:\WINDOWS\System32\OpenSSH\;C:\Program Files\Git\cmd;C:\Users\bethe\AppData\Local\Microsoft\WindowsApps;C:\Program Files\Bandizip\;C:\Users\bethe\AppData\Local\atom\bin;C:\Users\bethe\AppData\Local\hyper\app-2.0.0\resources\bin;C:\Program Files\Android\Android Studio\jre\bin;
USERNAME=bethe
OS=Windows_NT
PROCESSOR_IDENTIFIER=Intel64 Family 6 Model 142 Stepping 9, GenuineIntel



---------------  S Y S T E M  ---------------

OS: Windows 10 , 64 bit Build 17134 (10.0.17134.1)

CPU:total 4 (initial active 4) (2 cores per cpu, 2 threads per core) family 6 model 142 stepping 9, cmov, cx8, fxsr, mmx, sse, sse2, sse3, ssse3, sse4.1, sse4.2, popcnt, avx, avx2, aes, clmul, erms, rtm, 3dnowpref, lzcnt, ht, tsc, tscinvbit, bmi1, bmi2, adx, fma

Memory: 4k page, physical 4117704k(387752k free), swap 14626416k(4046980k free)

vm_info: Java HotSpot(TM) 64-Bit Server VM (10.0.1+10) for windows-amd64 JRE (10.0.1+10), built on Mar 27 2018 02:27:48 by "mach5one" with MS VC++ 12.0 (VS2013)

END.
