#
# A fatal error has been detected by the Java Runtime Environment:
#
#  EXCEPTION_ACCESS_VIOLATION (0xc0000005) at pc=0x0000017e2483c2b7, pid=2640, tid=12568
#
# JRE version: Java(TM) SE Runtime Environment (10.0.1+10) (build 10.0.1+10)
# Java VM: Java HotSpot(TM) 64-Bit Server VM (10.0.1+10, mixed mode, tiered, compressed oops, g1 gc, windows-amd64)
# Problematic frame:
# j  graph.BOJ_9373.main([Ljava/lang/String;)V+255
#
# No core dump will be written. Minidumps are not enabled by default on client versions of Windows
#
# If you would like to submit a bug report, please visit:
#   http://bugreport.java.com/bugreport/crash.jsp
#

---------------  S U M M A R Y ------------

Command Line: -agentlib:jdwp=transport=dt_socket,address=127.0.0.1:50861,suspend=y,server=n -javaagent:C:\Users\bethe\.IntelliJIdea2018.1\system\captureAgent\debugger-agent.jar=file:/C:/Users/bethe/AppData/Local/Temp/capture.props -Dfile.encoding=UTF-8 graph.BOJ_9373

Host: Intel(R) Core(TM) i5-7300U CPU @ 2.60GHz, 4 cores, 3G,  Windows 10 , 64 bit Build 17134 (10.0.17134.1)
Time: Sat Sep 15 17:49:16 2018 Korea Standard Time elapsed time: 282 seconds (0d 0h 4m 42s)

---------------  T H R E A D  ---------------

Current thread (0x0000017e19484800):  JavaThread "main" [_thread_in_Java, id=12568, stack(0x0000002b2e700000,0x0000002b2e800000)]

Stack: [0x0000002b2e700000,0x0000002b2e800000],  sp=0x0000002b2e7ff1a0,  free space=1020k
Native frames: (J=compiled Java code, j=interpreted, Vv=VM code, C=native code)
C